2024/04/11 13:34:57.556355 main.go:211: Starting server on 127.0.0.1:53
2024/04/11 13:36:03.910214 main.go:211: Starting server on 127.0.0.1:53
2024/04/11 13:37:33.413225 main.go:213: Starting server on 127.0.0.1:53
2024/04/11 13:37:39.144953 main.go:213: Starting server on 127.0.0.1:53
2024/04/11 13:39:09.749754 main.go:214: Starting server on 127.0.0.1:53
2024/04/11 13:40:50.069151 main.go:213: Starting server on 127.0.0.1:53
2024/04/11 13:44:33.203095 main.go:213: Starting server on 127.0.0.1:53
2024/04/11 13:44:33.203249 main.go:217: Failed to start server: listen udp 0.0.0.0:53: bind: address already in use
2024/04/11 13:45:12.670525 main.go:213: Starting server on 127.0.0.1:53
2024/04/11 13:45:12.670854 main.go:217: Failed to start server: listen udp 0.0.0.0:53: bind: address already in use
2024/04/11 13:47:41.741473 main.go:213: Starting server on 127.0.0.1:53
2024/04/11 13:47:41.741952 main.go:217: Failed to start server: listen udp 0.0.0.0:5353: bind: address already in use
2024/04/11 13:48:09.250880 main.go:213: Starting server on 127.0.0.1:53
2024/04/11 13:49:10.920225 main.go:213: Starting server on 127.0.0.1:53
2024/04/11 14:06:41.236444 main.go:213: Starting server on 127.0.0.1:53
2024/04/11 14:07:11.541076 main.go:213: Starting server on 127.0.0.1:53
2024/04/11 14:13:37.754117 main.go:133: blocked DNS requested: fastclick.net.
2024/04/11 14:13:48.943532 main.go:133: blocked DNS requested: fastclick.net.
2024/04/11 14:13:50.253794 main.go:133: blocked DNS requested: fastclick.net.
2024/04/11 14:13:54.131254 main.go:133: blocked DNS requested: fastclick.net.
2024/04/11 14:14:23.869945 main.go:133: blocked DNS requested: fastclick.net.
2024/04/11 14:15:12.133066 main.go:213: Starting server on 127.0.0.1:53
2024/04/11 14:15:24.438948 main.go:133: blocked DNS requested: fastclick.net.
2024/04/11 14:33:52.369681 main.go:213: Starting server on 127.0.0.1:53
2024/04/11 14:35:29.432213 main.go:213: Starting server on 127.0.0.1:53
2024/04/11 14:35:41.445215 main.go:133: blocked DNS requested: heias.com.
2024/04/11 14:35:47.590258 main.go:133: blocked DNS requested: fastclick.net.
2024/04/11 14:35:49.651833 main.go:133: blocked DNS requested: heias.com.
2024/04/11 14:35:52.730005 main.go:133: blocked DNS requested: heias.com.
2024/04/11 14:36:01.973788 main.go:133: blocked DNS requested: practicalmalwareanalysis.com.
2024/04/11 14:36:05.029894 main.go:133: blocked DNS requested: heias.com.
2024/04/11 14:36:06.030896 main.go:133: blocked DNS requested: heias.com.
2024/04/11 14:37:05.959332 main.go:213: Starting server on 127.0.0.1:53
2024/04/11 14:37:16.777979 main.go:133: blocked DNS requested: heias.com.
2024/04/11 14:37:53.448631 main.go:133: blocked DNS requested: practicalmalwareanalysis.com.
2024/04/11 14:37:56.510363 main.go:133: blocked DNS requested: practicalmalwareanalysis.com.
2024/04/11 14:38:00.591308 main.go:133: blocked DNS requested: fastclick.net.
2024/04/11 14:38:04.684966 main.go:133: blocked DNS requested: practicalmalwareanalysis.com.
2024/04/11 15:09:43.133077 main.go:213: Starting server on 127.0.0.1:53
2024/04/11 15:09:45.629054 main.go:133: blocked DNS requested: practicalmalwareanalysis.com.
2024/04/11 15:09:51.800981 main.go:133: blocked DNS requested: practicalmalwareanalysis.com.
2024/04/11 15:09:56.902068 main.go:133: blocked DNS requested: practicalmalwareanalysis.com.
2024/04/11 15:10:02.068626 main.go:133: blocked DNS requested: practicalmalwareanalysis.com.
2024/04/11 15:10:05.166197 main.go:133: blocked DNS requested: practicalmalwareanalysis.com.
2024/04/11 15:10:12.310152 main.go:133: blocked DNS requested: practicalmalwareanalysis.com.
2024/04/11 15:10:20.539787 main.go:133: blocked DNS requested: fastclick.net.
2024/04/11 15:10:22.567787 main.go:133: blocked DNS requested: heias.com.
2024/04/11 15:10:24.596500 main.go:133: blocked DNS requested: heias.com.
2024/04/11 15:10:26.605236 main.go:133: blocked DNS requested: practicalmalwareanalysis.com.
2024/04/11 15:10:27.607127 main.go:133: blocked DNS requested: practicalmalwareanalysis.com.
2024/04/11 15:10:29.645568 main.go:133: blocked DNS requested: heias.com.
2024/04/11 15:10:33.755531 main.go:133: blocked DNS requested: practicalmalwareanalysis.com.
2024/04/11 15:10:34.756748 main.go:133: blocked DNS requested: heias.com.
2024/04/11 15:10:35.758317 main.go:133: blocked DNS requested: practicalmalwareanalysis.com.
2024/04/11 15:10:37.786199 main.go:133: blocked DNS requested: heias.com.
2024/04/11 15:10:38.786959 main.go:133: blocked DNS requested: practicalmalwareanalysis.com.
2024/04/11 15:10:42.909234 main.go:133: blocked DNS requested: practicalmalwareanalysis.com.
2024/04/11 18:00:30.708650 main.go:213: Starting server on 127.0.0.1:53
2024/04/11 18:00:34.620510 main.go:133: blocked DNS requested: practicalmalwareanalysis.com.
2024/04/11 18:00:37.684806 main.go:133: blocked DNS requested: practicalmalwareanalysis.com.
2024/04/11 18:00:47.965171 main.go:133: blocked DNS requested: fastclick.net.
2024/04/11 18:00:49.018118 main.go:133: blocked DNS requested: practicalmalwareanalysis.com.
2024/04/11 18:00:50.019017 main.go:133: blocked DNS requested: fastclick.net.
2024/04/11 18:00:55.145212 main.go:133: blocked DNS requested: practicalmalwareanalysis.com.
2024/04/11 18:00:56.146414 main.go:133: blocked DNS requested: practicalmalwareanalysis.com.
2024/04/11 18:00:59.209497 main.go:133: blocked DNS requested: practicalmalwareanalysis.com.
2024/04/11 18:01:00.210502 main.go:133: blocked DNS requested: practicalmalwareanalysis.com.
2024/04/11 18:01:04.310750 main.go:133: blocked DNS requested: practicalmalwareanalysis.com.
2024/04/11 18:01:05.363445 main.go:133: blocked DNS requested: practicalmalwareanalysis.com.
2024/04/11 18:01:07.422528 main.go:133: blocked DNS requested: practicalmalwareanalysis.com.
2024/04/11 18:01:08.423635 main.go:133: blocked DNS requested: fastclick.net.
2024/04/11 18:01:12.595573 main.go:133: blocked DNS requested: fastclick.net.
2024/04/11 18:01:13.596994 main.go:133: blocked DNS requested: fastclick.net.
2024/04/11 18:01:18.713638 main.go:133: blocked DNS requested: fastclick.net.
2024/04/11 18:01:19.714907 main.go:133: blocked DNS requested: practicalmalwareanalysis.com.
2024/04/11 18:01:23.827804 main.go:133: blocked DNS requested: practicalmalwareanalysis.com.
2024/04/11 18:01:24.829086 main.go:133: blocked DNS requested: practicalmalwareanalysis.com.
2024/04/11 18:01:41.350967 main.go:133: blocked DNS requested: practicalmalwareanalysis.com.
2024/04/11 18:01:45.440756 main.go:133: blocked DNS requested: practicalmalwareanalysis.com.
2024/04/11 18:01:48.513766 main.go:133: blocked DNS requested: practicalmalwareanalysis.com.
2024/04/11 18:01:49.514685 main.go:133: blocked DNS requested: heias.com.
2024/04/11 18:01:50.524956 main.go:133: blocked DNS requested: practicalmalwareanalysis.com.
2024/04/11 18:01:51.526102 main.go:133: blocked DNS requested: practicalmalwareanalysis.com.
2024/04/11 18:02:04.945305 main.go:133: blocked DNS requested: practicalmalwareanalysis.com.
2024/04/11 18:02:05.946461 main.go:133: blocked DNS requested: practicalmalwareanalysis.com.
2024/04/11 18:02:06.947496 main.go:133: blocked DNS requested: practicalmalwareanalysis.com.
2024/04/11 18:02:08.978003 main.go:133: blocked DNS requested: practicalmalwareanalysis.com.
2024/04/11 18:02:09.979038 main.go:133: blocked DNS requested: practicalmalwareanalysis.com.
2024/04/11 18:02:10.979797 main.go:133: blocked DNS requested: practicalmalwareanalysis.com.
2024/04/11 18:02:13.010725 main.go:133: blocked DNS requested: practicalmalwareanalysis.com.
2024/04/11 18:02:14.012013 main.go:133: blocked DNS requested: heias.com.
2024/04/11 18:02:18.109103 main.go:133: blocked DNS requested: practicalmalwareanalysis.com.
2024/04/11 18:02:19.123863 main.go:133: blocked DNS requested: practicalmalwareanalysis.com.
2024/04/11 18:02:37.731858 main.go:133: blocked DNS requested: practicalmalwareanalysis.com.
2024/04/11 18:02:41.810935 main.go:133: blocked DNS requested: practicalmalwareanalysis.com.
2024/04/11 18:02:46.943236 main.go:133: blocked DNS requested: practicalmalwareanalysis.com.
2024/04/11 18:02:51.051421 main.go:133: blocked DNS requested: practicalmalwareanalysis.com.
2024/04/11 18:02:53.097240 main.go:133: blocked DNS requested: practicalmalwareanalysis.com.
2024/04/11 18:03:00.286504 main.go:133: blocked DNS requested: practicalmalwareanalysis.com.
2024/04/11 18:03:08.472579 main.go:133: blocked DNS requested: heias.com.
2024/04/11 18:03:12.545054 main.go:133: blocked DNS requested: practicalmalwareanalysis.com.
2024/04/11 18:03:20.736520 main.go:133: blocked DNS requested: practicalmalwareanalysis.com.
2024/04/11 18:03:22.764299 main.go:133: blocked DNS requested: practicalmalwareanalysis.com.
2024/04/11 18:03:23.765715 main.go:133: blocked DNS requested: practicalmalwareanalysis.com.
2024/04/11 18:03:37.142469 main.go:133: blocked DNS requested: heias.com.
2024/04/11 18:03:40.198096 main.go:133: blocked DNS requested: practicalmalwareanalysis.com.
2024/04/11 18:03:59.672990 main.go:133: blocked DNS requested: practicalmalwareanalysis.com.
2024/04/11 18:04:00.673958 main.go:133: blocked DNS requested: heias.com.
2024/04/11 18:04:03.744865 main.go:133: blocked DNS requested: practicalmalwareanalysis.com.
2024/04/11 18:04:06.855020 main.go:133: blocked DNS requested: fastclick.net.
2024/04/11 18:04:08.884681 main.go:133: blocked DNS requested: heias.com.
2024/04/11 18:04:20.189636 main.go:133: blocked DNS requested: practicalmalwareanalysis.com.
2024/04/11 18:04:22.268959 main.go:133: blocked DNS requested: practicalmalwareanalysis.com.
2024/04/11 18:04:31.494311 main.go:133: blocked DNS requested: fastclick.net.
2024/04/11 18:04:37.628600 main.go:133: blocked DNS requested: practicalmalwareanalysis.com.
2024/04/11 18:04:46.842576 main.go:133: blocked DNS requested: practicalmalwareanalysis.com.
2024/04/11 18:04:47.843512 main.go:133: blocked DNS requested: practicalmalwareanalysis.com.
2024/04/11 18:04:53.984734 main.go:133: blocked DNS requested: practicalmalwareanalysis.com.
2024/04/11 18:04:56.013670 main.go:133: blocked DNS requested: heias.com.
2024/04/11 18:05:04.208995 main.go:133: blocked DNS requested: practicalmalwareanalysis.com.
2024/04/11 18:05:05.210171 main.go:133: blocked DNS requested: practicalmalwareanalysis.com.
2024/04/11 18:05:12.356906 main.go:133: blocked DNS requested: practicalmalwareanalysis.com.
2024/04/11 18:05:17.475544 main.go:133: blocked DNS requested: practicalmalwareanalysis.com.
2024/04/11 18:05:19.553603 main.go:133: blocked DNS requested: practicalmalwareanalysis.com.
2024/04/11 18:05:24.672922 main.go:133: blocked DNS requested: practicalmalwareanalysis.com.
2024/04/11 18:05:26.700754 main.go:133: blocked DNS requested: practicalmalwareanalysis.com.
2024/04/11 18:05:35.944249 main.go:133: blocked DNS requested: heias.com.
2024/04/11 18:05:45.162297 main.go:133: blocked DNS requested: practicalmalwareanalysis.com.
2024/04/11 18:05:52.343719 main.go:133: blocked DNS requested: heias.com.
2024/04/11 18:05:59.534564 main.go:133: blocked DNS requested: practicalmalwareanalysis.com.
2024/04/11 18:06:00.535616 main.go:133: blocked DNS requested: fastclick.net.
2024/04/11 18:06:01.537249 main.go:133: blocked DNS requested: fastclick.net.
2024/04/11 18:06:04.601377 main.go:133: blocked DNS requested: fastclick.net.
2024/04/11 18:06:06.627582 main.go:133: blocked DNS requested: heias.com.
2024/04/11 18:06:17.891102 main.go:133: blocked DNS requested: heias.com.
2024/04/11 18:06:19.970639 main.go:133: blocked DNS requested: heias.com.
2024/04/11 18:06:23.029819 main.go:133: blocked DNS requested: practicalmalwareanalysis.com.
2024/04/11 18:06:24.039937 main.go:133: blocked DNS requested: heias.com.
2024/04/11 18:06:27.095803 main.go:133: blocked DNS requested: heias.com.
2024/04/11 18:06:39.398147 main.go:133: blocked DNS requested: practicalmalwareanalysis.com.
2024/04/11 18:06:45.552127 main.go:133: blocked DNS requested: practicalmalwareanalysis.com.
2024/04/11 18:06:53.763391 main.go:133: blocked DNS requested: practicalmalwareanalysis.com.
2024/04/11 18:07:04.013924 main.go:133: blocked DNS requested: heias.com.
2024/04/11 18:07:08.241400 main.go:133: blocked DNS requested: fastclick.net.
2024/04/11 18:07:09.242394 main.go:133: blocked DNS requested: practicalmalwareanalysis.com.
2024/04/11 18:07:11.266361 main.go:133: blocked DNS requested: practicalmalwareanalysis.com.
2024/04/11 18:07:12.267426 main.go:133: blocked DNS requested: heias.com.
2024/04/11 18:07:19.585987 main.go:133: blocked DNS requested: practicalmalwareanalysis.com.
2024/04/11 18:07:21.613681 main.go:133: blocked DNS requested: practicalmalwareanalysis.com.
2024/04/11 18:07:32.927403 main.go:133: blocked DNS requested: practicalmalwareanalysis.com.
2024/04/11 18:07:34.975792 main.go:133: blocked DNS requested: fastclick.net.
2024/04/11 18:07:37.012382 main.go:133: blocked DNS requested: practicalmalwareanalysis.com.
2024/04/11 18:07:40.070607 main.go:133: blocked DNS requested: practicalmalwareanalysis.com.
2024/04/11 18:07:45.218292 main.go:133: blocked DNS requested: practicalmalwareanalysis.com.
2024/04/11 18:07:47.311408 main.go:133: blocked DNS requested: practicalmalwareanalysis.com.
2024/04/11 18:07:49.349548 main.go:133: blocked DNS requested: practicalmalwareanalysis.com.
2024/04/11 18:07:51.382364 main.go:133: blocked DNS requested: heias.com.
2024/04/11 18:07:58.600975 main.go:133: blocked DNS requested: practicalmalwareanalysis.com.
2024/04/11 18:08:03.737288 main.go:133: blocked DNS requested: heias.com.
2024/04/11 18:08:10.924015 main.go:133: blocked DNS requested: practicalmalwareanalysis.com.
2024/04/11 18:08:14.014387 main.go:133: blocked DNS requested: practicalmalwareanalysis.com.
2024/04/11 18:08:17.076694 main.go:133: blocked DNS requested: practicalmalwareanalysis.com.
2024/04/11 18:08:20.139846 main.go:133: blocked DNS requested: fastclick.net.
2024/04/11 18:08:27.307818 main.go:133: blocked DNS requested: practicalmalwareanalysis.com.
2024/04/11 18:08:33.434679 main.go:133: blocked DNS requested: practicalmalwareanalysis.com.
2024/04/11 18:08:37.487533 main.go:133: blocked DNS requested: practicalmalwareanalysis.com.
2024/04/11 18:08:38.541218 main.go:133: blocked DNS requested: practicalmalwareanalysis.com.
2024/04/11 18:08:45.695026 main.go:133: blocked DNS requested: practicalmalwareanalysis.com.
2024/04/11 18:08:46.696081 main.go:133: blocked DNS requested: practicalmalwareanalysis.com.
2024/04/11 18:08:47.697176 main.go:133: blocked DNS requested: heias.com.
2024/04/11 18:09:03.161603 main.go:133: blocked DNS requested: practicalmalwareanalysis.com.
2024/04/11 18:09:11.458214 main.go:133: blocked DNS requested: practicalmalwareanalysis.com.
2024/04/11 18:09:14.517511 main.go:133: blocked DNS requested: practicalmalwareanalysis.com.
2024/04/11 18:09:18.599997 main.go:133: blocked DNS requested: practicalmalwareanalysis.com.
2024/04/11 18:09:23.709200 main.go:133: blocked DNS requested: practicalmalwareanalysis.com.
2024/04/11 18:09:38.159714 main.go:133: blocked DNS requested: fastclick.net.
2024/04/11 18:09:41.221903 main.go:133: blocked DNS requested: practicalmalwareanalysis.com.
2024/04/11 18:09:42.231901 main.go:133: blocked DNS requested: fastclick.net.
2024/04/11 18:09:43.232981 main.go:133: blocked DNS requested: heias.com.
2024/04/11 18:09:45.263574 main.go:133: blocked DNS requested: practicalmalwareanalysis.com.
2024/04/11 18:09:53.499241 main.go:133: blocked DNS requested: practicalmalwareanalysis.com.
2024/04/11 18:09:59.639501 main.go:133: blocked DNS requested: practicalmalwareanalysis.com.
2024/04/11 18:10:04.712098 main.go:133: blocked DNS requested: practicalmalwareanalysis.com.
2024/04/11 18:10:08.855237 main.go:133: blocked DNS requested: heias.com.
2024/04/11 18:10:09.857140 main.go:133: blocked DNS requested: practicalmalwareanalysis.com.
2024/04/11 18:10:24.244528 main.go:133: blocked DNS requested: fastclick.net.
2024/04/11 18:10:26.283037 main.go:133: blocked DNS requested: practicalmalwareanalysis.com.
2024/04/12 01:32:29.418684 main.go:133: blocked DNS requested: practicalmalwareanalysis.com.
2024/04/12 01:32:31.420965 main.go:133: blocked DNS requested: practicalmalwareanalysis.com.
2024/04/12 01:32:33.422733 main.go:133: blocked DNS requested: heias.com.
2024/04/12 01:32:47.079458 main.go:133: blocked DNS requested: practicalmalwareanalysis.com.
2024/04/12 01:36:20.027103 main.go:213: Starting server on 127.0.0.1:53
2024/04/12 01:36:20.028471 main.go:217: Failed to start server: listen udp 127.0.0.1:53: bind: permission denied
2024/04/12 01:36:28.996473 main.go:213: Starting server on 127.0.0.1:53
2024/04/12 01:36:36.562982 main.go:133: blocked DNS requested: practicalmalwareanalysis.com.
2024/04/12 01:36:41.680671 main.go:133: blocked DNS requested: practicalmalwareanalysis.com.
2024/04/12 01:36:47.847139 main.go:133: blocked DNS requested: practicalmalwareanalysis.com.
